<?xml version="1.0" encoding="UTF-8"?>
<!-- Generated by org.testng.reporters.JUnitReportReporter -->
<testsuite hostname="DESKTOP-JQIHKED" failures="0" tests="1" name="com.sodexo.testscript.CustomerModule" time="5.421" errors="0" timestamp="2024-12-20T13:58:30 IST" skipped="0">
  <testcase classname="com.sodexo.testscript.CustomerModule" name="createCustomer" time="5.421">
    <system-out>
      <![CDATA[createCustomerhas been passed]]>
    </system-out>
  </testcase> <!-- createCustomer -->
  <system-out>
    <![CDATA[createCustomerhas been passed]]>
  </system-out>
</testsuite> <!-- com.sodexo.testscript.CustomerModule -->
